# JRE version: OpenJDK Runtime Environment (8.0_242-b01) (build 1.8.0_242-release-1644-b01)
# Java VM: OpenJDK 64-Bit Server VM (25.242-b01 mixed mode windows-amd64 compressed oops)
Heap:
 PSYoungGen      total 192512K, used 47291K [0x00000000d5580000, 0x00000000e2c00000, 0x0000000100000000)
  eden space 181248K, 19% used [0x00000000d5580000,0x00000000d78afca0,0x00000000e0680000)
  from space 11264K, 99% used [0x00000000e2100000,0x00000000e2bff320,0x00000000e2c00000)
  to   space 13312K, 0% used [0x00000000e1200000,0x00000000e1200000,0x00000000e1f00000)
 ParOldGen       total 101888K, used 26831K [0x0000000080000000, 0x0000000086380000, 0x00000000d5580000)
  object space 101888K, 26% used [0x0000000080000000,0x0000000081a33fd8,0x0000000086380000)
 Metaspace       used 52335K, capacity 54148K, committed 54440K, reserved 1095680K
  class space    used 7101K, capacity 7521K, committed 7600K, reserved 1048576K
GC Heap History (10 events):
Event: 3.068 GC heap before
{Heap before GC invocations=6 (full 1):
 PSYoungGen      total 106496K, used 7268K [0x00000000d5580000, 0x00000000e2c80000, 0x0000000100000000)
  eden space 98304K, 0% used [0x00000000d5580000,0x00000000d5580000,0x00000000db580000)
  from space 8192K, 88% used [0x00000000db580000,0x00000000dbc99070,0x00000000dbd80000)
  to   space 11776K, 0% used [0x00000000e2100000,0x00000000e2100000,0x00000000e2c80000)
 ParOldGen       total 131072K, used 3529K [0x0000000080000000, 0x0000000088000000, 0x00000000d5580000)
  object space 131072K, 2% used [0x0000000080000000,0x0000000080372720,0x0000000088000000)
 Metaspace       used 20600K, capacity 21224K, committed 21296K, reserved 1067008K
  class space    used 2884K, capacity 3084K, committed 3120K, reserved 1048576K
Event: 3.096 GC heap after
Heap after GC invocations=6 (full 1):
 PSYoungGen      total 106496K, used 0K [0x00000000d5580000, 0x00000000e2c80000, 0x0000000100000000)
  eden space 98304K, 0% used [0x00000000d5580000,0x00000000d5580000,0x00000000db580000)
  from space 8192K, 0% used [0x00000000db580000,0x00000000db580000,0x00000000dbd80000)
  to   space 11776K, 0% used [0x00000000e2100000,0x00000000e2100000,0x00000000e2c80000)
 ParOldGen       total 66048K, used 7556K [0x0000000080000000, 0x0000000084080000, 0x00000000d5580000)
  object space 66048K, 11% used [0x0000000080000000,0x0000000080761328,0x0000000084080000)
 Metaspace       used 20600K, capacity 21224K, committed 21296K, reserved 1067008K
  class space    used 2884K, capacity 3084K, committed 3120K, reserved 1048576K
}
Event: 4.086 GC heap before
{Heap before GC invocations=7 (full 1):
 PSYoungGen      total 106496K, used 98304K [0x00000000d5580000, 0x00000000e2c80000, 0x0000000100000000)
  eden space 98304K, 100% used [0x00000000d5580000,0x00000000db580000,0x00000000db580000)
  from space 8192K, 0% used [0x00000000db580000,0x00000000db580000,0x00000000dbd80000)
  to   space 11776K, 0% used [0x00000000e2100000,0x00000000e2100000,0x00000000e2c80000)
 ParOldGen       total 66048K, used 7556K [0x0000000080000000, 0x0000000084080000, 0x00000000d5580000)
  object space 66048K, 11% used [0x0000000080000000,0x0000000080761328,0x0000000084080000)
 Metaspace       used 31066K, capacity 31786K, committed 31920K, reserved 1077248K
  class space    used 4227K, capacity 4468K, committed 4528K, reserved 1048576K
Event: 4.095 GC heap after
Heap after GC invocations=7 (full 1):
 PSYoungGen      total 192512K, used 11065K [0x00000000d5580000, 0x00000000e2c00000, 0x0000000100000000)
  eden space 181248K, 0% used [0x00000000d5580000,0x00000000d5580000,0x00000000e0680000)
  from space 11264K, 98% used [0x00000000e2100000,0x00000000e2bce740,0x00000000e2c00000)
  to   space 13312K, 0% used [0x00000000e1200000,0x00000000e1200000,0x00000000e1f00000)
 ParOldGen       total 66048K, used 7564K [0x0000000080000000, 0x0000000084080000, 0x00000000d5580000)
  object space 66048K, 11% used [0x0000000080000000,0x0000000080763328,0x0000000084080000)
 Metaspace       used 31066K, capacity 31786K, committed 31920K, reserved 1077248K
  class space    used 4227K, capacity 4468K, committed 4528K, reserved 1048576K
}
Event: 4.747 GC heap before
{Heap before GC invocations=8 (full 1):
 PSYoungGen      total 192512K, used 94158K [0x00000000d5580000, 0x00000000e2c00000, 0x0000000100000000)
  eden space 181248K, 45% used [0x00000000d5580000,0x00000000da6a5358,0x00000000e0680000)
  from space 11264K, 98% used [0x00000000e2100000,0x00000000e2bce740,0x00000000e2c00000)
  to   space 13312K, 0% used [0x00000000e1200000,0x00000000e1200000,0x00000000e1f00000)
 ParOldGen       total 66048K, used 7564K [0x0000000080000000, 0x0000000084080000, 0x00000000d5580000)
  object space 66048K, 11% used [0x0000000080000000,0x0000000080763328,0x0000000084080000)
 Metaspace       used 34583K, capacity 35410K, committed 35496K, reserved 1079296K
  class space    used 4743K, capacity 4972K, committed 5040K, reserved 1048576K
Event: 4.758 GC heap after
Heap after GC invocations=8 (full 1):
 PSYoungGen      total 194560K, used 10088K [0x00000000d5580000, 0x00000000e2c00000, 0x0000000100000000)
  eden space 181248K, 0% used [0x00000000d5580000,0x00000000d5580000,0x00000000e0680000)
  from space 13312K, 75% used [0x00000000e1200000,0x00000000e1bda168,0x00000000e1f00000)
  to   space 11264K, 0% used [0x00000000e2100000,0x00000000e2100000,0x00000000e2c00000)
 ParOldGen       total 66048K, used 7572K [0x0000000080000000, 0x0000000084080000, 0x00000000d5580000)
  object space 66048K, 11% used [0x0000000080000000,0x0000000080765328,0x0000000084080000)
 Metaspace       used 34583K, capacity 35410K, committed 35496K, reserved 1079296K
  class space    used 4743K, capacity 4972K, committed 5040K, reserved 1048576K
}
Event: 4.758 GC heap before
{Heap before GC invocations=9 (full 2):
 PSYoungGen      total 194560K, used 10088K [0x00000000d5580000, 0x00000000e2c00000, 0x0000000100000000)
  eden space 181248K, 0% used [0x00000000d5580000,0x00000000d5580000,0x00000000e0680000)
  from space 13312K, 75% used [0x00000000e1200000,0x00000000e1bda168,0x00000000e1f00000)
  to   space 11264K, 0% used [0x00000000e2100000,0x00000000e2100000,0x00000000e2c00000)
 ParOldGen       total 66048K, used 7572K [0x0000000080000000, 0x0000000084080000, 0x00000000d5580000)
  object space 66048K, 11% used [0x0000000080000000,0x0000000080765328,0x0000000084080000)
 Metaspace       used 34583K, capacity 35410K, committed 35496K, reserved 1079296K
  class space    used 4743K, capacity 4972K, committed 5040K, reserved 1048576K
Event: 4.872 GC heap after
Heap after GC invocations=9 (full 2):
 PSYoungGen      total 194560K, used 0K [0x00000000d5580000, 0x00000000e2c00000, 0x0000000100000000)
  eden space 181248K, 0% used [0x00000000d5580000,0x00000000d5580000,0x00000000e0680000)
  from space 13312K, 0% used [0x00000000e1200000,0x00000000e1200000,0x00000000e1f00000)
  to   space 11264K, 0% used [0x00000000e2100000,0x00000000e2100000,0x00000000e2c00000)
 ParOldGen       total 101888K, used 16506K [0x0000000080000000, 0x0000000086380000, 0x00000000d5580000)
  object space 101888K, 16% used [0x0000000080000000,0x000000008101ea88,0x0000000086380000)
 Metaspace       used 34583K, capacity 35410K, committed 35496K, reserved 1079296K
  class space    used 4743K, capacity 4972K, committed 5040K, reserved 1048576K
}
Event: 7.366 GC heap before
{Heap before GC invocations=10 (full 2):
 PSYoungGen      total 194560K, used 181248K [0x00000000d5580000, 0x00000000e2c00000, 0x0000000100000000)
  eden space 181248K, 100% used [0x00000000d5580000,0x00000000e0680000,0x00000000e0680000)
  from space 13312K, 0% used [0x00000000e1200000,0x00000000e1200000,0x00000000e1f00000)
  to   space 11264K, 0% used [0x00000000e2100000,0x00000000e2100000,0x00000000e2c00000)
 ParOldGen       total 101888K, used 16506K [0x0000000080000000, 0x0000000086380000, 0x00000000d5580000)
  object space 101888K, 16% used [0x0000000080000000,0x000000008101ea88,0x0000000086380000)
 Metaspace       used 49584K, capacity 51178K, committed 51368K, reserved 1093632K
  class space    used 6633K, capacity 7025K, committed 7088K, reserved 1048576K
Event: 7.382 GC heap after
Heap after GC invocations=10 (full 2):
 PSYoungGen      total 192512K, used 11260K [0x00000000d5580000, 0x00000000e2c00000, 0x0000000100000000)
  eden space 181248K, 0% used [0x00000000d5580000,0x00000000d5580000,0x00000000e0680000)
  from space 11264K, 99% used [0x00000000e2100000,0x00000000e2bff320,0x00000000e2c00000)
  to   space 13312K, 0% used [0x00000000e1200000,0x00000000e1200000,0x00000000e1f00000)
 ParOldGen       total 101888K, used 26831K [0x0000000080000000, 0x0000000086380000, 0x00000000d5580000)
  object space 101888K, 26% used [0x0000000080000000,0x0000000081a33fd8,0x0000000086380000)
 Metaspace       used 49584K, capacity 51178K, committed 51368K, reserved 1093632K
  class space    used 6633K, capacity 7025K, committed 7088K, reserved 1048576K
}

